<?xml version="1.0" encoding="UTF-8"?>
<testsuites name="jest tests" tests="43" failures="0" errors="0" time="8.444">
  <testsuite name="loadSettingEnv" errors="0" failures="0" skipped="0" timestamp="2024-11-23T19:00:57" time="0.597" tests="3">
    <testcase classname="loadSettingEnv should load settings and update them correctly" name="loadSettingEnv should load settings and update them correctly" time="0.026">
    </testcase>
    <testcase classname="loadSettingEnv should handle missing settings data" name="loadSettingEnv should handle missing settings data" time="0.001">
    </testcase>
    <testcase classname="loadSettingEnv should handle partial settings data" name="loadSettingEnv should handle partial settings data" time="0.001">
    </testcase>
  </testsuite>
  <testsuite name="useListTables" errors="0" failures="0" skipped="0" timestamp="2024-11-23T19:00:57" time="0.844" tests="1">
    <testcase classname="useListTables fetches and returns tables" name="useListTables fetches and returns tables" time="0.082">
    </testcase>
  </testsuite>
  <testsuite name="useListSchemas" errors="0" failures="0" skipped="0" timestamp="2024-11-23T19:00:57" time="0.881" tests="1">
    <testcase classname="useListSchemas fetches and returns Schemas" name="useListSchemas fetches and returns Schemas" time="0.131">
    </testcase>
  </testsuite>
  <testsuite name="useLoginWithToken" errors="0" failures="0" skipped="0" timestamp="2024-11-23T19:00:57" time="0.894" tests="1">
    <testcase classname="useLoginWithToken should successfully exchange token" name="useLoginWithToken should successfully exchange token" time="0.13">
    </testcase>
  </testsuite>
  <testsuite name="useListCatalogs" errors="0" failures="0" skipped="0" timestamp="2024-11-23T19:00:57" time="0.904" tests="1">
    <testcase classname="useListCatalogs fetches and returns catalogs" name="useListCatalogs fetches and returns catalogs" time="0.141">
    </testcase>
  </testsuite>
  <testsuite name="requestAPI" errors="0" failures="0" skipped="0" timestamp="2024-11-23T19:00:58" time="0.276" tests="5">
    <testcase classname="requestAPI should make a successful request and return JSON data" name="requestAPI should make a successful request and return JSON data" time="0.001">
    </testcase>
    <testcase classname="requestAPI should handle non-JSON response" name="requestAPI should handle non-JSON response" time="0.004">
    </testcase>
    <testcase classname="requestAPI should handle empty response body" name="requestAPI should handle empty response body" time="0">
    </testcase>
    <testcase classname="requestAPI should throw a ResponseError for unsuccessful response" name="requestAPI should throw a ResponseError for unsuccessful response" time="0.002">
    </testcase>
    <testcase classname="requestAPI should throw a NetworkError for network issues" name="requestAPI should throw a NetworkError for network issues" time="0.001">
    </testcase>
  </testsuite>
  <testsuite name="insertEntityToNotebook" errors="0" failures="0" skipped="0" timestamp="2024-11-23T19:00:58" time="0.104" tests="5">
    <testcase classname="insertEntityToNotebook should insert the path into the current cell&apos;s editor" name="insertEntityToNotebook should insert the path into the current cell&apos;s editor" time="0.001">
    </testcase>
    <testcase classname="insertEntityToNotebook should log an error if there is no active notebook" name="insertEntityToNotebook should log an error if there is no active notebook" time="0.003">
    </testcase>
    <testcase classname="insertEntityToNotebook should log an error if there is no active cell" name="insertEntityToNotebook should log an error if there is no active cell" time="0">
    </testcase>
    <testcase classname="insertEntityToNotebook should log an error if there is no editor in the current cell" name="insertEntityToNotebook should log an error if there is no editor in the current cell" time="0.001">
    </testcase>
    <testcase classname="insertEntityToNotebook should log an error if replaceSelection method is not available on the editor" name="insertEntityToNotebook should log an error if replaceSelection method is not available on the editor" time="0">
    </testcase>
  </testsuite>
  <testsuite name="getColumnIconClass" errors="0" failures="0" skipped="0" timestamp="2024-11-23T19:00:58" time="0.146" tests="7">
    <testcase classname="getColumnIconClass should return jp-icon-boolean for BOOLEAN and BINARY" name="getColumnIconClass should return jp-icon-boolean for BOOLEAN and BINARY" time="0">
    </testcase>
    <testcase classname="getColumnIconClass should return jp-icon-other for NULL, USER_DEFINED_TYPE, and TABLE_TYPE" name="getColumnIconClass should return jp-icon-other for NULL, USER_DEFINED_TYPE, and TABLE_TYPE" time="0.003">
    </testcase>
    <testcase classname="getColumnIconClass should return jp-icon-numeric for BYTE, SHORT, INT, LONG, FLOAT, DOUBLE, and DECIMAL" name="getColumnIconClass should return jp-icon-numeric for BYTE, SHORT, INT, LONG, FLOAT, DOUBLE, and DECIMAL" time="0.001">
    </testcase>
    <testcase classname="getColumnIconClass should return jp-icon-temporal for DATE, TIMESTAMP, TIMESTAMP_NTZ, and INTERVAL" name="getColumnIconClass should return jp-icon-temporal for DATE, TIMESTAMP, TIMESTAMP_NTZ, and INTERVAL" time="0">
    </testcase>
    <testcase classname="getColumnIconClass should return jp-icon-string for STRING and CHAR" name="getColumnIconClass should return jp-icon-string for STRING and CHAR" time="0">
    </testcase>
    <testcase classname="getColumnIconClass should return jp-icon-complex for ARRAY, STRUCT, and MAP" name="getColumnIconClass should return jp-icon-complex for ARRAY, STRUCT, and MAP" time="0">
    </testcase>
    <testcase classname="getColumnIconClass should return jp-icon-default for unknown types" name="getColumnIconClass should return jp-icon-default for unknown types" time="0">
    </testcase>
  </testsuite>
  <testsuite name="CatalogTree" errors="0" failures="0" skipped="0" timestamp="2024-11-23T19:00:57" time="1.013" tests="8">
    <testcase classname="CatalogTree renders catalogs" name="CatalogTree renders catalogs" time="0.021">
    </testcase>
    <testcase classname="CatalogTree expands and collapses catalogs" name="CatalogTree expands and collapses catalogs" time="0.01">
    </testcase>
    <testcase classname="CatalogTree expands and collapses all" name="CatalogTree expands and collapses all" time="0.021">
    </testcase>
    <testcase classname="CatalogTree should toggle expand all nodes" name="CatalogTree should toggle expand all nodes" time="0.008">
    </testcase>
    <testcase classname="CatalogTree should toggle node expansion" name="CatalogTree should toggle node expansion" time="0.005">
    </testcase>
    <testcase classname="CatalogTree should render columns correctly" name="CatalogTree should render columns correctly" time="0.008">
    </testcase>
    <testcase classname="CatalogTree should render tables correctly" name="CatalogTree should render tables correctly" time="0.007">
    </testcase>
    <testcase classname="CatalogTree should render schemas correctly" name="CatalogTree should render schemas correctly" time="0.003">
    </testcase>
  </testsuite>
  <testsuite name="Menu Component" errors="0" failures="0" skipped="0" timestamp="2024-11-23T19:00:57" time="1.018" tests="3">
    <testcase classname="Menu Component should render the selection buttons" name="Menu Component should render the selection buttons" time="0.084">
    </testcase>
    <testcase classname="Menu Component should display CatalogTree when tree button is clicked" name="Menu Component should display CatalogTree when tree button is clicked" time="0.012">
    </testcase>
    <testcase classname="Menu Component should display Other Content when explorer button is clicked" name="Menu Component should display Other Content when explorer button is clicked" time="0.013">
    </testcase>
  </testsuite>
  <testsuite name="Main Component" errors="0" failures="0" skipped="0" timestamp="2024-11-23T19:00:57" time="2.004" tests="5">
    <testcase classname="Main Component should render the logo" name="Main Component should render the logo" time="0.035">
    </testcase>
    <testcase classname="Main Component should render children content" name="Main Component should render children content" time="0.003">
    </testcase>
    <testcase classname="Main Component should render logout button when authenticated" name="Main Component should render logout button when authenticated" time="0.03">
    </testcase>
    <testcase classname="Main Component should not render logout button when not authenticated" name="Main Component should not render logout button when not authenticated" time="0.002">
    </testcase>
    <testcase classname="Main Component should call onLogout when logout button is clicked" name="Main Component should call onLogout when logout button is clicked" time="0.008">
    </testcase>
  </testsuite>
  <testsuite name="Junity extension" errors="0" failures="0" skipped="0" timestamp="2024-11-23T19:00:57" time="6.902" tests="3">
    <testcase classname="Junity extension Activates without crashing" name="Junity extension Activates without crashing" time="0.016">
    </testcase>
    <testcase classname="Junity extension Should use default settings if no env vars are set" name="Junity extension Should use default settings if no env vars are set" time="0.002">
    </testcase>
    <testcase classname="Junity extension Should update settings if env vars are set" name="Junity extension Should update settings if env vars are set" time="0.001">
    </testcase>
  </testsuite>
</testsuites>